<?xml version="1.0" encoding="UTF-8"?>
<!-- Generated by org.testng.reporters.JUnitXMLReporter -->
<testsuite hostname="eday" ignored="0" name="Default test" tests="4" failures="0" timestamp="02 Jan 2018 00:06:00 GMT" time="0.045" errors="0">
  <testcase name="div" time="0.019" classname="com.qa.tests.demoTest"/>
  <testcase name="mul" time="0.001" classname="com.qa.tests.demoTest"/>
  <testcase name="sub" time="0.001" classname="com.qa.tests.demoTest"/>
  <testcase name="sum" time="0.0" classname="com.qa.tests.demoTest"/>
</testsuite> <!-- Default test -->
