<?xml version="1.0" encoding="UTF-8"?>
<testsuite xmlns:xsi="http://www.w3.org/2001/XMLSchema-instance" xsi:schemaLocation="https://maven.apache.org/surefire/maven-surefire-plugin/xsd/surefire-test-report.xsd" name="TestSuite" time="0.366" tests="16" errors="0" skipped="0" failures="0">
  <properties>
[...]
</properties>
  <testcase name="div" classname="com.qa.tests.demoTest" time="0.005"/>
  <testcase name="mul" classname="com.qa.tests.demoTest" time="0"/>
  <testcase name="sub" classname="com.qa.tests.demoTest" time="0"/>
  <testcase name="sum" classname="com.qa.tests.demoTest" time="0"/>
  <testcase name="div" classname="com.qa.tests.demoTest1" time="0.001"/>
  <testcase name="mul" classname="com.qa.tests.demoTest1" time="0"/>
  <testcase name="sub" classname="com.qa.tests.demoTest1" time="0"/>
  <testcase name="sum" classname="com.qa.tests.demoTest1" time="0"/>
  <testcase name="div" classname="com.qa.tests.demoTest2" time="0.001"/>
  <testcase name="mul" classname="com.qa.tests.demoTest2" time="0"/>
  <testcase name="sub" classname="com.qa.tests.demoTest2" time="0"/>
  <testcase name="sum" classname="com.qa.tests.demoTest2" time="0.001"/>
  <testcase name="div" classname="com.qa.tests.loginTest1" time="0"/>
  <testcase name="mul" classname="com.qa.tests.loginTest1" time="0.001"/>
  <testcase name="sub" classname="com.qa.tests.loginTest1" time="0"/>
  <testcase name="sum" classname="com.qa.tests.loginTest1" time="0"/>
</testsuite>