<?xml version="1.0" encoding="UTF-8"?>
<testng-results skipped="0" failed="0" ignored="0" total="16" passed="16">
  <reporter-output>
  </reporter-output>
  <suite name="FREE CRM Application Test Automation Test Suite" duration-ms="25" started-at="2018-01-02T01:40:03Z" finished-at="2018-01-02T01:40:03Z">
    <groups>
    </groups>
    <test name="Free CRM App Test Cases" duration-ms="25" started-at="2018-01-02T01:40:03Z" finished-at="2018-01-02T01:40:03Z">
      <class name="com.qa.tests.loginTest1">
        <test-method status="PASS" signature="mul()[pri:0, instance:com.qa.tests.loginTest1@783e6358]" name="mul" duration-ms="1" started-at="2018-01-01T19:40:03Z" finished-at="2018-01-01T19:40:03Z">
          <reporter-output>
          </reporter-output>
        </test-method> <!-- mul -->
        <test-method status="PASS" signature="div()[pri:0, instance:com.qa.tests.loginTest1@783e6358]" name="div" duration-ms="0" started-at="2018-01-01T19:40:03Z" finished-at="2018-01-01T19:40:03Z">
          <reporter-output>
          </reporter-output>
        </test-method> <!-- div -->
        <test-method status="PASS" signature="sum()[pri:0, instance:com.qa.tests.loginTest1@783e6358]" name="sum" duration-ms="0" started-at="2018-01-01T19:40:03Z" finished-at="2018-01-01T19:40:03Z">
          <reporter-output>
          </reporter-output>
        </test-method> <!-- sum -->
        <test-method status="PASS" signature="sub()[pri:0, instance:com.qa.tests.loginTest1@783e6358]" name="sub" duration-ms="0" started-at="2018-01-01T19:40:03Z" finished-at="2018-01-01T19:40:03Z">
          <reporter-output>
          </reporter-output>
        </test-method> <!-- sub -->
      </class> <!-- com.qa.tests.loginTest1 -->
      <class name="com.qa.tests.demoTest">
        <test-method status="PASS" signature="div()[pri:0, instance:com.qa.tests.demoTest@5f2050f6]" name="div" duration-ms="5" started-at="2018-01-01T19:40:03Z" finished-at="2018-01-01T19:40:03Z">
          <reporter-output>
          </reporter-output>
        </test-method> <!-- div -->
        <test-method status="PASS" signature="mul()[pri:0, instance:com.qa.tests.demoTest@5f2050f6]" name="mul" duration-ms="0" started-at="2018-01-01T19:40:03Z" finished-at="2018-01-01T19:40:03Z">
          <reporter-output>
          </reporter-output>
        </test-method> <!-- mul -->
        <test-method status="PASS" signature="sub()[pri:0, instance:com.qa.tests.demoTest@5f2050f6]" name="sub" duration-ms="1" started-at="2018-01-01T19:40:03Z" finished-at="2018-01-01T19:40:03Z">
          <reporter-output>
          </reporter-output>
        </test-method> <!-- sub -->
        <test-method status="PASS" signature="sum()[pri:0, instance:com.qa.tests.demoTest@5f2050f6]" name="sum" duration-ms="0" started-at="2018-01-01T19:40:03Z" finished-at="2018-01-01T19:40:03Z">
          <reporter-output>
          </reporter-output>
        </test-method> <!-- sum -->
      </class> <!-- com.qa.tests.demoTest -->
      <class name="com.qa.tests.demoTest1">
        <test-method status="PASS" signature="div()[pri:0, instance:com.qa.tests.demoTest1@13fee20c]" name="div" duration-ms="0" started-at="2018-01-01T19:40:03Z" finished-at="2018-01-01T19:40:03Z">
          <reporter-output>
          </reporter-output>
        </test-method> <!-- div -->
        <test-method status="PASS" signature="sub()[pri:0, instance:com.qa.tests.demoTest1@13fee20c]" name="sub" duration-ms="0" started-at="2018-01-01T19:40:03Z" finished-at="2018-01-01T19:40:03Z">
          <reporter-output>
          </reporter-output>
        </test-method> <!-- sub -->
        <test-method status="PASS" signature="mul()[pri:0, instance:com.qa.tests.demoTest1@13fee20c]" name="mul" duration-ms="0" started-at="2018-01-01T19:40:03Z" finished-at="2018-01-01T19:40:03Z">
          <reporter-output>
          </reporter-output>
        </test-method> <!-- mul -->
        <test-method status="PASS" signature="sum()[pri:0, instance:com.qa.tests.demoTest1@13fee20c]" name="sum" duration-ms="0" started-at="2018-01-01T19:40:03Z" finished-at="2018-01-01T19:40:03Z">
          <reporter-output>
          </reporter-output>
        </test-method> <!-- sum -->
      </class> <!-- com.qa.tests.demoTest1 -->
      <class name="com.qa.tests.demoTest2">
        <test-method status="PASS" signature="div()[pri:0, instance:com.qa.tests.demoTest2@4e04a765]" name="div" duration-ms="0" started-at="2018-01-01T19:40:03Z" finished-at="2018-01-01T19:40:03Z">
          <reporter-output>
          </reporter-output>
        </test-method> <!-- div -->
        <test-method status="PASS" signature="sub()[pri:0, instance:com.qa.tests.demoTest2@4e04a765]" name="sub" duration-ms="0" started-at="2018-01-01T19:40:03Z" finished-at="2018-01-01T19:40:03Z">
          <reporter-output>
          </reporter-output>
        </test-method> <!-- sub -->
        <test-method status="PASS" signature="mul()[pri:0, instance:com.qa.tests.demoTest2@4e04a765]" name="mul" duration-ms="0" started-at="2018-01-01T19:40:03Z" finished-at="2018-01-01T19:40:03Z">
          <reporter-output>
          </reporter-output>
        </test-method> <!-- mul -->
        <test-method status="PASS" signature="sum()[pri:0, instance:com.qa.tests.demoTest2@4e04a765]" name="sum" duration-ms="1" started-at="2018-01-01T19:40:03Z" finished-at="2018-01-01T19:40:03Z">
          <reporter-output>
          </reporter-output>
        </test-method> <!-- sum -->
      </class> <!-- com.qa.tests.demoTest2 -->
    </test> <!-- Free CRM App Test Cases -->
  </suite> <!-- FREE CRM Application Test Automation Test Suite -->
</testng-results>
