<?xml version="1.0" encoding="UTF-8"?>
<testng-results skipped="0" failed="0" ignored="0" total="4" passed="4">
  <reporter-output>
  </reporter-output>
  <suite name="Default suite" duration-ms="45" started-at="2018-01-02T00:06:00Z" finished-at="2018-01-02T00:06:00Z">
    <groups>
    </groups>
    <test name="Default test" duration-ms="45" started-at="2018-01-02T00:06:00Z" finished-at="2018-01-02T00:06:00Z">
      <class name="com.qa.tests.demoTest">
        <test-method status="PASS" signature="div()[pri:0, instance:com.qa.tests.demoTest@59f99ea]" name="div" duration-ms="19" started-at="2018-01-01T18:06:00Z" finished-at="2018-01-01T18:06:00Z">
          <reporter-output>
          </reporter-output>
        </test-method> <!-- div -->
        <test-method status="PASS" signature="mul()[pri:0, instance:com.qa.tests.demoTest@59f99ea]" name="mul" duration-ms="1" started-at="2018-01-01T18:06:00Z" finished-at="2018-01-01T18:06:00Z">
          <reporter-output>
          </reporter-output>
        </test-method> <!-- mul -->
        <test-method status="PASS" signature="sub()[pri:0, instance:com.qa.tests.demoTest@59f99ea]" name="sub" duration-ms="1" started-at="2018-01-01T18:06:00Z" finished-at="2018-01-01T18:06:00Z">
          <reporter-output>
          </reporter-output>
        </test-method> <!-- sub -->
        <test-method status="PASS" signature="sum()[pri:0, instance:com.qa.tests.demoTest@59f99ea]" name="sum" duration-ms="0" started-at="2018-01-01T18:06:00Z" finished-at="2018-01-01T18:06:00Z">
          <reporter-output>
          </reporter-output>
        </test-method> <!-- sum -->
      </class> <!-- com.qa.tests.demoTest -->
    </test> <!-- Default test -->
  </suite> <!-- Default suite -->
</testng-results>
