<?xml version="1.0" encoding="UTF-8"?>
<!-- Generated by org.testng.reporters.JUnitXMLReporter -->
<testsuite hostname="eday" ignored="0" name="Free CRM App Test Cases" tests="16" failures="0" timestamp="02 Jan 2018 01:40:03 GMT" time="0.025" errors="0">
  <testcase name="div" time="0.005" classname="com.qa.tests.demoTest"/>
  <testcase name="mul" time="0.0" classname="com.qa.tests.demoTest"/>
  <testcase name="sub" time="0.001" classname="com.qa.tests.demoTest"/>
  <testcase name="sum" time="0.0" classname="com.qa.tests.demoTest"/>
  <testcase name="div" time="0.0" classname="com.qa.tests.demoTest1"/>
  <testcase name="mul" time="0.0" classname="com.qa.tests.demoTest1"/>
  <testcase name="sub" time="0.0" classname="com.qa.tests.demoTest1"/>
  <testcase name="sum" time="0.0" classname="com.qa.tests.demoTest1"/>
  <testcase name="div" time="0.0" classname="com.qa.tests.demoTest2"/>
  <testcase name="mul" time="0.0" classname="com.qa.tests.demoTest2"/>
  <testcase name="sub" time="0.0" classname="com.qa.tests.demoTest2"/>
  <testcase name="sum" time="0.001" classname="com.qa.tests.demoTest2"/>
  <testcase name="div" time="0.0" classname="com.qa.tests.loginTest1"/>
  <testcase name="mul" time="0.001" classname="com.qa.tests.loginTest1"/>
  <testcase name="sub" time="0.0" classname="com.qa.tests.loginTest1"/>
  <testcase name="sum" time="0.0" classname="com.qa.tests.loginTest1"/>
</testsuite> <!-- Free CRM App Test Cases -->
